2019-11-08 10:35:48,843  INFO [main] LogReport:40 - Starting Redirection validation
2019-11-08 10:35:48,882  INFO [main] LogReport:40 - Redirection is on the correct page
2019-11-08 10:35:48,882  INFO [main] LogReport:40 - Starting the homepage testing
2019-11-08 10:35:49,967 DEBUG [main] cache:45 - Couldn't find template in cache for "Extent.ftl"("en_US", UTF-8, parsed); will try to load it.
2019-11-08 10:35:49,972 DEBUG [main] cache:45 - TemplateLoader.findTemplateSource("Extent_en_US.ftl"): Not found
2019-11-08 10:35:49,978 DEBUG [main] cache:45 - TemplateLoader.findTemplateSource("Extent_en.ftl"): Not found
2019-11-08 10:35:49,997 DEBUG [main] cache:45 - TemplateLoader.findTemplateSource("Extent.ftl"): Found
2019-11-08 10:35:49,999 DEBUG [main] cache:45 - Loading template for "Extent.ftl"("en_US", UTF-8, parsed) from "jar:file:/C:/Users/saurabh.chauhan/.m2/repository/com/relevantcodes/extentreports/2.41.2/extentreports-2.41.2.jar!/com/relevantcodes/extentreports/view/Extent.ftl"
2019-11-08 10:42:04,410 DEBUG [main] cache:45 - Couldn't find template in cache for "Extent.ftl"("en_US", UTF-8, parsed); will try to load it.
2019-11-08 10:42:04,416 DEBUG [main] cache:45 - TemplateLoader.findTemplateSource("Extent_en_US.ftl"): Not found
2019-11-08 10:42:04,419 DEBUG [main] cache:45 - TemplateLoader.findTemplateSource("Extent_en.ftl"): Not found
2019-11-08 10:42:04,424 DEBUG [main] cache:45 - TemplateLoader.findTemplateSource("Extent.ftl"): Found
2019-11-08 10:42:04,426 DEBUG [main] cache:45 - Loading template for "Extent.ftl"("en_US", UTF-8, parsed) from "jar:file:/C:/Users/saurabh.chauhan/.m2/repository/com/relevantcodes/extentreports/2.41.2/extentreports-2.41.2.jar!/com/relevantcodes/extentreports/view/Extent.ftl"
2019-11-08 10:43:13,608  INFO [main] LogReport:40 - Starting Redirection validation
2019-11-08 10:43:13,725  INFO [main] LogReport:40 - Redirection is on the correct page
2019-11-08 10:43:13,726  INFO [main] LogReport:40 - Starting the homepage testing
2019-11-08 10:43:18,960 DEBUG [main] cache:45 - Couldn't find template in cache for "Extent.ftl"("en_US", UTF-8, parsed); will try to load it.
2019-11-08 10:43:18,962 DEBUG [main] cache:45 - TemplateLoader.findTemplateSource("Extent_en_US.ftl"): Not found
2019-11-08 10:43:18,964 DEBUG [main] cache:45 - TemplateLoader.findTemplateSource("Extent_en.ftl"): Not found
2019-11-08 10:43:18,966 DEBUG [main] cache:45 - TemplateLoader.findTemplateSource("Extent.ftl"): Found
2019-11-08 10:43:18,967 DEBUG [main] cache:45 - Loading template for "Extent.ftl"("en_US", UTF-8, parsed) from "jar:file:/C:/Users/saurabh.chauhan/.m2/repository/com/relevantcodes/extentreports/2.41.2/extentreports-2.41.2.jar!/com/relevantcodes/extentreports/view/Extent.ftl"
2019-11-08 10:44:40,589  INFO [main] LogReport:40 - Starting Redirection validation
2019-11-08 10:44:40,652  INFO [main] LogReport:40 - Redirection is on the correct page
2019-11-08 10:44:40,653  INFO [main] LogReport:40 - Starting the homepage testing
2019-11-08 10:44:42,180 DEBUG [main] cache:45 - Couldn't find template in cache for "Extent.ftl"("en_US", UTF-8, parsed); will try to load it.
2019-11-08 10:44:42,188 DEBUG [main] cache:45 - TemplateLoader.findTemplateSource("Extent_en_US.ftl"): Not found
2019-11-08 10:44:42,195 DEBUG [main] cache:45 - TemplateLoader.findTemplateSource("Extent_en.ftl"): Not found
2019-11-08 10:44:42,198 DEBUG [main] cache:45 - TemplateLoader.findTemplateSource("Extent.ftl"): Found
2019-11-08 10:44:42,200 DEBUG [main] cache:45 - Loading template for "Extent.ftl"("en_US", UTF-8, parsed) from "jar:file:/C:/Users/saurabh.chauhan/.m2/repository/com/relevantcodes/extentreports/2.41.2/extentreports-2.41.2.jar!/com/relevantcodes/extentreports/view/Extent.ftl"
2019-11-08 10:47:44,064  INFO [main] LogReport:40 - Starting Redirection validation
2019-11-08 10:47:44,096  INFO [main] LogReport:40 - Redirection is on the correct page
2019-11-08 10:47:44,097  INFO [main] LogReport:40 - Starting the homepage testing
2019-11-08 10:47:49,875  INFO [main] LogReport:40 - Validation done
2019-11-08 10:47:50,903 DEBUG [main] cache:45 - Couldn't find template in cache for "Extent.ftl"("en_US", UTF-8, parsed); will try to load it.
2019-11-08 10:47:50,913 DEBUG [main] cache:45 - TemplateLoader.findTemplateSource("Extent_en_US.ftl"): Not found
2019-11-08 10:47:50,918 DEBUG [main] cache:45 - TemplateLoader.findTemplateSource("Extent_en.ftl"): Not found
2019-11-08 10:47:50,923 DEBUG [main] cache:45 - TemplateLoader.findTemplateSource("Extent.ftl"): Found
2019-11-08 10:47:50,924 DEBUG [main] cache:45 - Loading template for "Extent.ftl"("en_US", UTF-8, parsed) from "jar:file:/C:/Users/saurabh.chauhan/.m2/repository/com/relevantcodes/extentreports/2.41.2/extentreports-2.41.2.jar!/com/relevantcodes/extentreports/view/Extent.ftl"
2019-11-08 10:51:52,361  INFO [main] LogReport:40 - Starting Redirection validation
2019-11-08 10:51:52,404  INFO [main] LogReport:40 - Redirection is on the correct page
2019-11-08 10:51:52,405  INFO [main] LogReport:40 - Starting the homepage testing
2019-11-08 10:51:54,401  INFO [main] LogReport:40 - Validation done
2019-11-08 10:51:55,448 DEBUG [main] cache:45 - Couldn't find template in cache for "Extent.ftl"("en_US", UTF-8, parsed); will try to load it.
2019-11-08 10:51:55,452 DEBUG [main] cache:45 - TemplateLoader.findTemplateSource("Extent_en_US.ftl"): Not found
2019-11-08 10:51:55,456 DEBUG [main] cache:45 - TemplateLoader.findTemplateSource("Extent_en.ftl"): Not found
2019-11-08 10:51:55,469 DEBUG [main] cache:45 - TemplateLoader.findTemplateSource("Extent.ftl"): Found
2019-11-08 10:51:55,470 DEBUG [main] cache:45 - Loading template for "Extent.ftl"("en_US", UTF-8, parsed) from "jar:file:/C:/Users/saurabh.chauhan/.m2/repository/com/relevantcodes/extentreports/2.41.2/extentreports-2.41.2.jar!/com/relevantcodes/extentreports/view/Extent.ftl"
2019-11-08 10:55:36,960  INFO [main] LogReport:40 - Starting Redirection validation
2019-11-08 10:55:36,986  INFO [main] LogReport:40 - Redirection is on the correct page
2019-11-08 10:55:36,986  INFO [main] LogReport:40 - Starting the homepage testing
2019-11-08 10:55:45,870 DEBUG [main] cache:45 - Couldn't find template in cache for "Extent.ftl"("en_US", UTF-8, parsed); will try to load it.
2019-11-08 10:55:45,875 DEBUG [main] cache:45 - TemplateLoader.findTemplateSource("Extent_en_US.ftl"): Not found
2019-11-08 10:55:45,882 DEBUG [main] cache:45 - TemplateLoader.findTemplateSource("Extent_en.ftl"): Not found
2019-11-08 10:55:45,885 DEBUG [main] cache:45 - TemplateLoader.findTemplateSource("Extent.ftl"): Found
2019-11-08 10:55:45,886 DEBUG [main] cache:45 - Loading template for "Extent.ftl"("en_US", UTF-8, parsed) from "jar:file:/C:/Users/saurabh.chauhan/.m2/repository/com/relevantcodes/extentreports/2.41.2/extentreports-2.41.2.jar!/com/relevantcodes/extentreports/view/Extent.ftl"
2019-11-08 10:56:53,238  INFO [main] LogReport:40 - Starting Redirection validation
2019-11-08 10:56:53,311  INFO [main] LogReport:40 - Redirection is on the correct page
2019-11-08 10:56:53,312  INFO [main] LogReport:40 - Starting the homepage testing
2019-11-08 10:57:02,076 DEBUG [main] cache:45 - Couldn't find template in cache for "Extent.ftl"("en_US", UTF-8, parsed); will try to load it.
2019-11-08 10:57:02,082 DEBUG [main] cache:45 - TemplateLoader.findTemplateSource("Extent_en_US.ftl"): Not found
2019-11-08 10:57:02,090 DEBUG [main] cache:45 - TemplateLoader.findTemplateSource("Extent_en.ftl"): Not found
2019-11-08 10:57:02,093 DEBUG [main] cache:45 - TemplateLoader.findTemplateSource("Extent.ftl"): Found
2019-11-08 10:57:02,095 DEBUG [main] cache:45 - Loading template for "Extent.ftl"("en_US", UTF-8, parsed) from "jar:file:/C:/Users/saurabh.chauhan/.m2/repository/com/relevantcodes/extentreports/2.41.2/extentreports-2.41.2.jar!/com/relevantcodes/extentreports/view/Extent.ftl"
2019-11-08 11:02:08,792  INFO [main] LogReport:40 - Starting Redirection validation
2019-11-08 11:02:08,846  INFO [main] LogReport:40 - Redirection is on the correct page
2019-11-08 11:02:08,847  INFO [main] LogReport:40 - Starting the homepage testing
2019-11-08 11:02:11,256  INFO [main] LogReport:40 - Validation done
2019-11-08 11:02:11,939 DEBUG [main] cache:45 - Couldn't find template in cache for "Extent.ftl"("en_US", UTF-8, parsed); will try to load it.
2019-11-08 11:02:11,941 DEBUG [main] cache:45 - TemplateLoader.findTemplateSource("Extent_en_US.ftl"): Not found
2019-11-08 11:02:11,945 DEBUG [main] cache:45 - TemplateLoader.findTemplateSource("Extent_en.ftl"): Not found
2019-11-08 11:02:11,948 DEBUG [main] cache:45 - TemplateLoader.findTemplateSource("Extent.ftl"): Found
2019-11-08 11:02:11,949 DEBUG [main] cache:45 - Loading template for "Extent.ftl"("en_US", UTF-8, parsed) from "jar:file:/C:/Users/saurabh.chauhan/.m2/repository/com/relevantcodes/extentreports/2.41.2/extentreports-2.41.2.jar!/com/relevantcodes/extentreports/view/Extent.ftl"
2019-11-08 11:32:57,022  INFO [main] LogReport:40 - Starting Redirection validation
2019-11-08 11:32:57,078  INFO [main] LogReport:40 - Redirection is on the correct page
2019-11-08 11:32:57,079  INFO [main] LogReport:40 - Starting the homepage testing
2019-11-08 11:32:59,877  INFO [main] LogReport:40 - Validation done
2019-11-08 11:33:00,732 DEBUG [main] cache:45 - Couldn't find template in cache for "Extent.ftl"("en_US", UTF-8, parsed); will try to load it.
2019-11-08 11:33:00,735 DEBUG [main] cache:45 - TemplateLoader.findTemplateSource("Extent_en_US.ftl"): Not found
2019-11-08 11:33:00,739 DEBUG [main] cache:45 - TemplateLoader.findTemplateSource("Extent_en.ftl"): Not found
2019-11-08 11:33:00,741 DEBUG [main] cache:45 - TemplateLoader.findTemplateSource("Extent.ftl"): Found
2019-11-08 11:33:00,742 DEBUG [main] cache:45 - Loading template for "Extent.ftl"("en_US", UTF-8, parsed) from "jar:file:/C:/Users/saurabh.chauhan/.m2/repository/com/relevantcodes/extentreports/2.41.2/extentreports-2.41.2.jar!/com/relevantcodes/extentreports/view/Extent.ftl"
2019-11-08 11:37:16,476  INFO [main] LogReport:40 - Starting Redirection validation
2019-11-08 11:37:16,542  INFO [main] LogReport:40 - Redirection is on the correct page
2019-11-08 11:37:16,543  INFO [main] LogReport:40 - Starting the homepage testing
2019-11-08 11:37:18,941  INFO [main] LogReport:40 - Validation done
2019-11-08 11:37:19,467 DEBUG [main] cache:45 - Couldn't find template in cache for "Extent.ftl"("en_US", UTF-8, parsed); will try to load it.
2019-11-08 11:37:19,470 DEBUG [main] cache:45 - TemplateLoader.findTemplateSource("Extent_en_US.ftl"): Not found
2019-11-08 11:37:19,473 DEBUG [main] cache:45 - TemplateLoader.findTemplateSource("Extent_en.ftl"): Not found
2019-11-08 11:37:19,476 DEBUG [main] cache:45 - TemplateLoader.findTemplateSource("Extent.ftl"): Found
2019-11-08 11:37:19,478 DEBUG [main] cache:45 - Loading template for "Extent.ftl"("en_US", UTF-8, parsed) from "jar:file:/C:/Users/saurabh.chauhan/.m2/repository/com/relevantcodes/extentreports/2.41.2/extentreports-2.41.2.jar!/com/relevantcodes/extentreports/view/Extent.ftl"
2019-11-08 12:16:48,104  INFO [main] LogReport:40 - Starting Redirection validation
2019-11-08 12:16:48,168  INFO [main] LogReport:40 - Redirection is on the correct page
2019-11-08 12:16:48,169  INFO [main] LogReport:40 - Starting the homepage testing
2019-11-08 12:17:08,113 DEBUG [main] cache:45 - Couldn't find template in cache for "Extent.ftl"("en_US", UTF-8, parsed); will try to load it.
2019-11-08 12:17:08,127 DEBUG [main] cache:45 - TemplateLoader.findTemplateSource("Extent_en_US.ftl"): Not found
2019-11-08 12:17:08,130 DEBUG [main] cache:45 - TemplateLoader.findTemplateSource("Extent_en.ftl"): Not found
2019-11-08 12:17:08,133 DEBUG [main] cache:45 - TemplateLoader.findTemplateSource("Extent.ftl"): Found
2019-11-08 12:17:08,134 DEBUG [main] cache:45 - Loading template for "Extent.ftl"("en_US", UTF-8, parsed) from "jar:file:/C:/Users/saurabh.chauhan/.m2/repository/com/relevantcodes/extentreports/2.41.2/extentreports-2.41.2.jar!/com/relevantcodes/extentreports/view/Extent.ftl"
2019-11-08 12:23:20,131  INFO [main] LogReport:40 - Starting Redirection validation
2019-11-08 12:23:20,158  INFO [main] LogReport:40 - Redirection is on the correct page
2019-11-08 12:23:20,159  INFO [main] LogReport:40 - Starting the homepage testing
2019-11-08 12:23:25,694  INFO [main] LogReport:40 - product name is correct
2019-11-08 12:23:40,785 DEBUG [main] cache:45 - Couldn't find template in cache for "Extent.ftl"("en_US", UTF-8, parsed); will try to load it.
2019-11-08 12:23:40,787 DEBUG [main] cache:45 - TemplateLoader.findTemplateSource("Extent_en_US.ftl"): Not found
2019-11-08 12:23:40,791 DEBUG [main] cache:45 - TemplateLoader.findTemplateSource("Extent_en.ftl"): Not found
2019-11-08 12:23:40,794 DEBUG [main] cache:45 - TemplateLoader.findTemplateSource("Extent.ftl"): Found
2019-11-08 12:23:40,797 DEBUG [main] cache:45 - Loading template for "Extent.ftl"("en_US", UTF-8, parsed) from "jar:file:/C:/Users/saurabh.chauhan/.m2/repository/com/relevantcodes/extentreports/2.41.2/extentreports-2.41.2.jar!/com/relevantcodes/extentreports/view/Extent.ftl"
2019-11-08 12:27:03,163  INFO [main] LogReport:40 - Starting Redirection validation
2019-11-08 12:27:03,203  INFO [main] LogReport:40 - Redirection is on the correct page
2019-11-08 12:27:03,204  INFO [main] LogReport:40 - Starting the homepage testing
2019-11-08 12:27:07,158 DEBUG [main] cache:45 - Couldn't find template in cache for "Extent.ftl"("en_US", UTF-8, parsed); will try to load it.
2019-11-08 12:27:07,163 DEBUG [main] cache:45 - TemplateLoader.findTemplateSource("Extent_en_US.ftl"): Not found
2019-11-08 12:27:07,167 DEBUG [main] cache:45 - TemplateLoader.findTemplateSource("Extent_en.ftl"): Not found
2019-11-08 12:27:07,169 DEBUG [main] cache:45 - TemplateLoader.findTemplateSource("Extent.ftl"): Found
2019-11-08 12:27:07,171 DEBUG [main] cache:45 - Loading template for "Extent.ftl"("en_US", UTF-8, parsed) from "jar:file:/C:/Users/saurabh.chauhan/.m2/repository/com/relevantcodes/extentreports/2.41.2/extentreports-2.41.2.jar!/com/relevantcodes/extentreports/view/Extent.ftl"
2019-11-08 12:30:32,916  INFO [main] LogReport:40 - Starting Redirection validation
2019-11-08 12:30:32,978  INFO [main] LogReport:40 - Redirection is on the correct page
2019-11-08 12:30:32,979  INFO [main] LogReport:40 - Starting the homepage testing
2019-11-08 12:30:37,911  INFO [main] LogReport:40 - product name is correct
2019-11-08 12:30:40,172  INFO [main] LogReport:40 - product name is correct
2019-11-08 12:30:42,085 DEBUG [main] cache:45 - Couldn't find template in cache for "Extent.ftl"("en_US", UTF-8, parsed); will try to load it.
2019-11-08 12:30:42,088 DEBUG [main] cache:45 - TemplateLoader.findTemplateSource("Extent_en_US.ftl"): Not found
2019-11-08 12:30:42,092 DEBUG [main] cache:45 - TemplateLoader.findTemplateSource("Extent_en.ftl"): Not found
2019-11-08 12:30:42,094 DEBUG [main] cache:45 - TemplateLoader.findTemplateSource("Extent.ftl"): Found
2019-11-08 12:30:42,096 DEBUG [main] cache:45 - Loading template for "Extent.ftl"("en_US", UTF-8, parsed) from "jar:file:/C:/Users/saurabh.chauhan/.m2/repository/com/relevantcodes/extentreports/2.41.2/extentreports-2.41.2.jar!/com/relevantcodes/extentreports/view/Extent.ftl"
2019-11-08 12:33:03,954  INFO [main] LogReport:40 - Starting Redirection validation
2019-11-08 12:33:03,998  INFO [main] LogReport:40 - Redirection is on the correct page
2019-11-08 12:33:03,998  INFO [main] LogReport:40 - Starting the homepage testing
2019-11-08 12:33:09,239  INFO [main] LogReport:40 - product name is correct
2019-11-08 12:33:11,763  INFO [main] LogReport:40 - product name is correct
2019-11-08 12:33:13,732 DEBUG [main] cache:45 - Couldn't find template in cache for "Extent.ftl"("en_US", UTF-8, parsed); will try to load it.
2019-11-08 12:33:13,736 DEBUG [main] cache:45 - TemplateLoader.findTemplateSource("Extent_en_US.ftl"): Not found
2019-11-08 12:33:13,746 DEBUG [main] cache:45 - TemplateLoader.findTemplateSource("Extent_en.ftl"): Not found
2019-11-08 12:33:13,749 DEBUG [main] cache:45 - TemplateLoader.findTemplateSource("Extent.ftl"): Found
2019-11-08 12:33:13,751 DEBUG [main] cache:45 - Loading template for "Extent.ftl"("en_US", UTF-8, parsed) from "jar:file:/C:/Users/saurabh.chauhan/.m2/repository/com/relevantcodes/extentreports/2.41.2/extentreports-2.41.2.jar!/com/relevantcodes/extentreports/view/Extent.ftl"
2019-11-08 12:37:09,714  INFO [main] LogReport:40 - Starting Redirection validation
2019-11-08 12:37:09,782  INFO [main] LogReport:40 - Redirection is on the correct page
2019-11-08 12:37:09,783  INFO [main] LogReport:40 - Starting the homepage testing
2019-11-08 12:37:13,325  INFO [main] LogReport:40 - product name is correct
2019-11-08 12:37:15,153  INFO [main] LogReport:40 - product name is correct
2019-11-08 12:37:16,525 DEBUG [main] cache:45 - Couldn't find template in cache for "Extent.ftl"("en_US", UTF-8, parsed); will try to load it.
2019-11-08 12:37:16,528 DEBUG [main] cache:45 - TemplateLoader.findTemplateSource("Extent_en_US.ftl"): Not found
2019-11-08 12:37:16,533 DEBUG [main] cache:45 - TemplateLoader.findTemplateSource("Extent_en.ftl"): Not found
2019-11-08 12:37:16,536 DEBUG [main] cache:45 - TemplateLoader.findTemplateSource("Extent.ftl"): Found
2019-11-08 12:37:16,547 DEBUG [main] cache:45 - Loading template for "Extent.ftl"("en_US", UTF-8, parsed) from "jar:file:/C:/Users/saurabh.chauhan/.m2/repository/com/relevantcodes/extentreports/2.41.2/extentreports-2.41.2.jar!/com/relevantcodes/extentreports/view/Extent.ftl"
2019-11-08 12:45:04,580  INFO [main] LogReport:40 - Starting Redirection validation
2019-11-08 12:45:04,610  INFO [main] LogReport:40 - Redirection is on the correct page
2019-11-08 12:45:04,611  INFO [main] LogReport:40 - Starting the homepage testing
2019-11-08 12:45:08,078  INFO [main] LogReport:40 - product name is correct
2019-11-08 12:45:10,190  INFO [main] LogReport:40 - product name is correct
2019-11-08 12:45:12,455 DEBUG [main] cache:45 - Couldn't find template in cache for "Extent.ftl"("en_US", UTF-8, parsed); will try to load it.
2019-11-08 12:45:12,457 DEBUG [main] cache:45 - TemplateLoader.findTemplateSource("Extent_en_US.ftl"): Not found
2019-11-08 12:45:12,460 DEBUG [main] cache:45 - TemplateLoader.findTemplateSource("Extent_en.ftl"): Not found
2019-11-08 12:45:12,462 DEBUG [main] cache:45 - TemplateLoader.findTemplateSource("Extent.ftl"): Found
2019-11-08 12:45:12,464 DEBUG [main] cache:45 - Loading template for "Extent.ftl"("en_US", UTF-8, parsed) from "jar:file:/C:/Users/saurabh.chauhan/.m2/repository/com/relevantcodes/extentreports/2.41.2/extentreports-2.41.2.jar!/com/relevantcodes/extentreports/view/Extent.ftl"
2019-11-08 12:46:28,301  INFO [main] LogReport:40 - Starting Redirection validation
2019-11-08 12:46:31,394  INFO [main] LogReport:40 - product name is correct
2019-11-08 12:46:32,934  INFO [main] LogReport:40 - product name is correct
2019-11-08 12:50:25,883 DEBUG [main] cache:45 - Couldn't find template in cache for "Extent.ftl"("en_US", UTF-8, parsed); will try to load it.
2019-11-08 12:50:25,889 DEBUG [main] cache:45 - TemplateLoader.findTemplateSource("Extent_en_US.ftl"): Not found
2019-11-08 12:50:25,891 DEBUG [main] cache:45 - TemplateLoader.findTemplateSource("Extent_en.ftl"): Not found
2019-11-08 12:50:25,894 DEBUG [main] cache:45 - TemplateLoader.findTemplateSource("Extent.ftl"): Found
2019-11-08 12:50:25,895 DEBUG [main] cache:45 - Loading template for "Extent.ftl"("en_US", UTF-8, parsed) from "jar:file:/C:/Users/saurabh.chauhan/.m2/repository/com/relevantcodes/extentreports/2.41.2/extentreports-2.41.2.jar!/com/relevantcodes/extentreports/view/Extent.ftl"
2019-11-08 12:57:07,499 DEBUG [main] cache:45 - Couldn't find template in cache for "Extent.ftl"("en_US", UTF-8, parsed); will try to load it.
2019-11-08 12:57:07,507 DEBUG [main] cache:45 - TemplateLoader.findTemplateSource("Extent_en_US.ftl"): Not found
2019-11-08 12:57:07,507 DEBUG [main] cache:45 - TemplateLoader.findTemplateSource("Extent_en.ftl"): Not found
2019-11-08 12:57:07,507 DEBUG [main] cache:45 - TemplateLoader.findTemplateSource("Extent.ftl"): Found
2019-11-08 12:57:07,507 DEBUG [main] cache:45 - Loading template for "Extent.ftl"("en_US", UTF-8, parsed) from "jar:file:/C:/Users/saurabh.chauhan/.m2/repository/com/relevantcodes/extentreports/2.41.2/extentreports-2.41.2.jar!/com/relevantcodes/extentreports/view/Extent.ftl"
2019-11-08 13:02:56,043  INFO [main] LogReport:40 - Starting Redirection validation
2019-11-08 13:02:59,607  INFO [main] LogReport:40 - product name is correct
2019-11-08 13:03:01,207  INFO [main] LogReport:40 - product name is correct
2019-11-08 13:05:31,077  INFO [main] LogReport:40 - Starting Redirection validation
2019-11-08 13:05:31,153  INFO [main] LogReport:40 - Redirection is on the correct page
2019-11-08 13:05:31,154  INFO [main] LogReport:40 - Starting the homepage testing
2019-11-08 13:05:38,378  INFO [main] LogReport:40 - product name is correct
2019-11-08 13:05:42,554  INFO [main] LogReport:40 - product name is correct
2019-11-08 13:07:46,590  INFO [main] LogReport:40 - Starting Redirection validation
2019-11-08 13:07:46,649  INFO [main] LogReport:40 - Redirection is on the correct page
2019-11-08 13:07:46,650  INFO [main] LogReport:40 - Starting the homepage testing
2019-11-08 13:07:51,000  INFO [main] LogReport:40 - product name is correct
2019-11-08 13:07:52,863  INFO [main] LogReport:40 - product name is correct
2019-11-08 13:10:30,262  INFO [main] LogReport:40 - Starting Redirection validation
2019-11-08 13:10:30,388  INFO [main] LogReport:40 - Redirection is on the correct page
2019-11-08 13:10:30,390  INFO [main] LogReport:40 - Starting the homepage testing
2019-11-08 13:10:36,546  INFO [main] LogReport:40 - product name is correct
2019-11-08 13:10:38,248  INFO [main] LogReport:40 - product name is correct
2019-11-08 13:44:44,070  INFO [main] LogReport:40 - Starting Redirection validation
2019-11-08 13:44:44,147  INFO [main] LogReport:40 - Redirection is on the correct page
2019-11-08 13:44:44,148  INFO [main] LogReport:40 - Starting the homepage testing
2019-11-08 13:45:56,138  INFO [main] LogReport:40 - Starting Redirection validation
2019-11-08 13:45:56,178  INFO [main] LogReport:40 - Redirection is on the correct page
2019-11-08 13:45:56,178  INFO [main] LogReport:40 - Starting the homepage testing
2019-11-08 13:45:59,577  INFO [main] LogReport:40 - product name is correct
2019-11-08 13:46:01,141  INFO [main] LogReport:40 - product name is correct
2019-11-08 13:48:41,040  INFO [main] LogReport:40 - Starting Redirection validation
2019-11-08 13:48:41,124  INFO [main] LogReport:40 - Redirection is on the correct page
2019-11-08 13:48:41,124  INFO [main] LogReport:40 - Starting the homepage testing
2019-11-08 13:48:44,286  INFO [main] LogReport:40 - product name is correct
2019-11-08 13:48:45,960  INFO [main] LogReport:40 - product name is correct
2019-11-08 14:04:51,633  INFO [main] LogReport:40 - Starting Redirection validation
2019-11-08 14:04:51,677  INFO [main] LogReport:40 - Redirection is on the correct page
2019-11-08 14:04:51,678  INFO [main] LogReport:40 - Starting the homepage testing
2019-11-08 14:04:55,115  INFO [main] LogReport:40 - product name is correct
2019-11-08 14:04:56,883  INFO [main] LogReport:40 - product name is correct
2019-11-08 14:11:18,798  INFO [main] LogReport:40 - Starting Redirection validation
2019-11-08 14:11:18,842  INFO [main] LogReport:40 - Redirection is on the correct page
2019-11-08 14:11:18,843  INFO [main] LogReport:40 - Starting the homepage testing
2019-11-08 14:12:05,306  INFO [main] LogReport:40 - Starting Redirection validation
2019-11-08 14:12:05,335  INFO [main] LogReport:40 - Redirection is on the correct page
2019-11-08 14:12:05,335  INFO [main] LogReport:40 - Starting the homepage testing
2019-11-08 14:12:08,364  INFO [main] LogReport:40 - product name is correct
2019-11-08 14:12:09,925  INFO [main] LogReport:40 - product name is correct
2019-11-08 14:13:54,128  INFO [main] LogReport:40 - Starting Redirection validation
2019-11-08 14:13:54,166  INFO [main] LogReport:40 - Redirection is on the correct page
2019-11-08 14:13:54,167  INFO [main] LogReport:40 - Starting the homepage testing
2019-11-08 14:13:57,383  INFO [main] LogReport:40 - product name is correct
2019-11-08 14:13:58,944  INFO [main] LogReport:40 - product name is correct
2019-11-08 14:15:50,333  INFO [main] LogReport:40 - Starting Redirection validation
2019-11-08 14:15:50,369  INFO [main] LogReport:40 - Redirection is on the correct page
2019-11-08 14:15:50,370  INFO [main] LogReport:40 - Starting the homepage testing
2019-11-08 14:15:53,335  INFO [main] LogReport:40 - product name is correct
2019-11-08 14:15:54,713  INFO [main] LogReport:40 - product name is correct
2019-11-08 14:18:33,991  INFO [main] LogReport:40 - Starting Redirection validation
2019-11-08 14:18:34,053  INFO [main] LogReport:40 - Redirection is on the correct page
2019-11-08 14:18:34,054  INFO [main] LogReport:40 - Starting the homepage testing
2019-11-08 14:18:37,758  INFO [main] LogReport:40 - product name is correct
2019-11-08 14:18:39,218  INFO [main] LogReport:40 - product name is correct
2019-11-08 14:22:04,769  INFO [main] LogReport:40 - Starting Redirection validation
2019-11-08 14:22:04,940  INFO [main] LogReport:40 - Redirection is on the correct page
2019-11-08 14:22:04,941  INFO [main] LogReport:40 - Starting the homepage testing
2019-11-08 14:22:09,804  INFO [main] LogReport:40 - product name is correct
2019-11-08 14:22:11,632  INFO [main] LogReport:40 - product name is correct
2019-11-08 14:28:33,289  INFO [main] LogReport:40 - Starting Redirection validation
2019-11-08 14:28:33,318  INFO [main] LogReport:40 - Redirection is on the correct page
2019-11-08 14:28:33,319  INFO [main] LogReport:40 - Starting the homepage testing
2019-11-08 14:28:36,812  INFO [main] LogReport:40 - product name is correct
2019-11-08 14:28:38,618  INFO [main] LogReport:40 - product name is correct
2019-11-08 14:31:16,762  INFO [main] LogReport:40 - Starting Redirection validation
2019-11-08 14:31:16,843  INFO [main] LogReport:40 - Redirection is on the correct page
2019-11-08 14:31:16,844  INFO [main] LogReport:40 - Starting the homepage testing
2019-11-08 14:31:19,921  INFO [main] LogReport:40 - product name is correct
2019-11-08 14:31:21,539  INFO [main] LogReport:40 - product name is correct
2019-11-08 14:33:19,338  INFO [main] LogReport:40 - Starting Redirection validation
2019-11-08 14:33:19,378  INFO [main] LogReport:40 - Redirection is on the correct page
2019-11-08 14:33:19,378  INFO [main] LogReport:40 - Starting the homepage testing
2019-11-08 14:33:22,815  INFO [main] LogReport:40 - product name is correct
2019-11-08 14:33:25,088  INFO [main] LogReport:40 - product name is correct
2019-11-08 14:37:49,754  INFO [main] LogReport:40 - Starting Redirection validation
2019-11-08 14:37:49,777  INFO [main] LogReport:40 - Redirection is on the correct page
2019-11-08 14:37:49,778  INFO [main] LogReport:40 - Starting the homepage testing
2019-11-08 14:37:52,805  INFO [main] LogReport:40 - product name is correct
2019-11-08 14:37:54,412  INFO [main] LogReport:40 - product name is correct
2019-11-08 14:38:55,123  INFO [main] LogReport:40 - Starting Redirection validation
2019-11-08 14:38:55,147  INFO [main] LogReport:40 - Redirection is on the correct page
2019-11-08 14:38:55,148  INFO [main] LogReport:40 - Starting the homepage testing
2019-11-08 14:38:57,943  INFO [main] LogReport:40 - product name is correct
2019-11-08 14:38:59,415  INFO [main] LogReport:40 - product name is correct
2019-11-08 14:59:58,109  INFO [main] LogReport:40 - Starting Redirection validation
2019-11-08 14:59:58,181  INFO [main] LogReport:40 - Redirection is on the correct page
2019-11-08 14:59:58,182  INFO [main] LogReport:40 - Starting the homepage testing
2019-11-08 15:00:17,425  INFO [main] LogReport:40 - product name is correct
2019-11-08 15:00:39,116  INFO [main] LogReport:40 - product name is correct
2019-11-08 15:01:11,304  INFO [main] LogReport:40 - Starting Redirection validation
2019-11-08 15:01:11,358  INFO [main] LogReport:40 - Redirection is on the correct page
2019-11-08 15:01:11,358  INFO [main] LogReport:40 - Starting the homepage testing
2019-11-08 15:01:29,771  INFO [main] LogReport:40 - product name is correct
2019-11-08 15:01:47,936  INFO [main] LogReport:40 - product name is correct
2019-11-08 15:31:25,240  INFO [main] LogReport:40 - Starting Redirection validation
2019-11-08 15:31:25,378  INFO [main] LogReport:40 - Redirection is on the correct page
2019-11-08 15:31:25,379  INFO [main] LogReport:40 - Starting the homepage testing
2019-11-08 15:32:21,881  INFO [main] LogReport:40 - Starting Redirection validation
2019-11-08 15:32:21,923  INFO [main] LogReport:40 - Redirection is on the correct page
2019-11-08 15:32:21,924  INFO [main] LogReport:40 - Starting the homepage testing
2019-11-08 15:32:30,752  INFO [main] LogReport:40 - product name is correct
2019-11-08 15:32:43,003  INFO [main] LogReport:40 - product name is correct
2019-11-08 15:36:41,835  INFO [main] LogReport:40 - Starting Redirection validation
2019-11-08 15:36:41,874  INFO [main] LogReport:40 - Redirection is on the correct page
2019-11-08 15:36:41,874  INFO [main] LogReport:40 - Starting the homepage testing
2019-11-08 15:36:44,941  INFO [main] LogReport:40 - product name is correct
2019-11-08 15:36:52,757  INFO [main] LogReport:40 - product name is correct
2019-11-08 15:44:09,138  INFO [main] LogReport:40 - Starting Redirection validation
2019-11-08 15:44:09,176  INFO [main] LogReport:40 - Redirection is on the correct page
2019-11-08 15:44:09,180  INFO [main] LogReport:40 - Starting the homepage testing
2019-11-08 15:44:12,146  INFO [main] LogReport:40 - product name is correct
2019-11-08 15:44:20,291  INFO [main] LogReport:40 - product name is correct
2019-11-08 15:48:05,443  INFO [main] LogReport:40 - Starting Redirection validation
2019-11-08 15:48:05,497  INFO [main] LogReport:40 - Redirection is on the correct page
2019-11-08 15:48:05,497  INFO [main] LogReport:40 - Starting the homepage testing
2019-11-08 15:48:09,172  INFO [main] LogReport:40 - product name is correct
2019-11-08 15:48:16,980  INFO [main] LogReport:40 - product name is correct
2019-11-08 15:54:04,637  INFO [main] LogReport:40 - Starting Redirection validation
2019-11-08 15:54:04,665  INFO [main] LogReport:40 - Redirection is on the correct page
2019-11-08 15:54:04,665  INFO [main] LogReport:40 - Starting the homepage testing
2019-11-08 15:54:07,620  INFO [main] LogReport:40 - product name is correct
2019-11-08 15:54:09,127  INFO [main] LogReport:40 - product name is correct
2019-11-08 15:57:53,691  INFO [main] LogReport:40 - Starting Redirection validation
2019-11-08 15:57:53,727  INFO [main] LogReport:40 - Redirection is on the correct page
2019-11-08 15:57:53,727  INFO [main] LogReport:40 - Starting the homepage testing
2019-11-08 15:57:56,680  INFO [main] LogReport:40 - product name is correct
2019-11-08 15:57:58,500  INFO [main] LogReport:40 - product name is correct
2019-11-08 16:18:57,745  INFO [main] LogReport:40 - Starting Redirection validation
2019-11-08 16:18:57,788  INFO [main] LogReport:40 - Redirection is on the correct page
2019-11-08 16:18:57,788  INFO [main] LogReport:40 - Starting the homepage testing
2019-11-08 16:19:00,820  INFO [main] LogReport:40 - product name is correct
2019-11-08 16:19:02,423  INFO [main] LogReport:40 - product name is correct
2019-11-08 16:20:41,595  INFO [main] LogReport:40 - Starting Redirection validation
2019-11-08 16:20:41,620  INFO [main] LogReport:40 - Redirection is on the correct page
2019-11-08 16:20:41,620  INFO [main] LogReport:40 - Starting the homepage testing
2019-11-08 16:20:44,704  INFO [main] LogReport:40 - product name is correct
2019-11-08 16:20:46,167  INFO [main] LogReport:40 - product name is correct
2019-11-08 16:33:14,984  INFO [main] LogReport:40 - Starting Redirection validation
2019-11-08 16:33:15,009  INFO [main] LogReport:40 - Redirection is on the correct page
2019-11-08 16:33:15,009  INFO [main] LogReport:40 - Starting the homepage testing
2019-11-08 16:33:18,027  INFO [main] LogReport:40 - product name is correct
2019-11-08 16:33:25,903  INFO [main] LogReport:40 - product name is correct
2019-11-08 17:33:02,479  INFO [main] LogReport:40 - Starting Redirection validation
2019-11-08 17:33:02,572  INFO [main] LogReport:40 - Validation done
2019-11-08 17:33:04,038  INFO [main] LogReport:40 - Starting Redirection validation
2019-11-08 17:33:04,052  INFO [main] LogReport:40 - Validation done
2019-11-08 17:33:05,021  INFO [main] LogReport:40 - Starting Redirection validation
2019-11-08 17:33:05,037  INFO [main] LogReport:40 - Validation done
2019-11-08 17:33:05,717  INFO [main] LogReport:40 - Starting Redirection validation
2019-11-08 17:33:05,734  INFO [main] LogReport:40 - Validation done
2019-11-08 17:33:06,337  INFO [main] LogReport:40 - Starting Redirection validation
2019-11-08 17:33:06,352  INFO [main] LogReport:40 - Validation done
2019-11-08 18:07:49,548  INFO [main] LogReport:40 - Starting Redirection validation
2019-11-08 18:07:49,582  INFO [main] LogReport:40 - Validation done
2019-11-08 18:07:50,128  INFO [main] LogReport:40 - Starting Redirection validation
2019-11-08 18:07:50,145  INFO [main] LogReport:40 - Validation done
2019-11-08 18:07:50,635  INFO [main] LogReport:40 - Starting Redirection validation
2019-11-08 18:07:50,652  INFO [main] LogReport:40 - Validation done
2019-11-08 18:07:51,134  INFO [main] LogReport:40 - Starting Redirection validation
2019-11-08 18:07:51,152  INFO [main] LogReport:40 - Validation done
2019-11-08 18:11:39,413  INFO [main] LogReport:40 - Starting Redirection validation
2019-11-08 18:11:39,443  INFO [main] LogReport:40 - Validation done
2019-11-08 18:11:40,180  INFO [main] LogReport:40 - Starting Redirection validation
2019-11-08 18:11:40,200  INFO [main] LogReport:40 - Validation done
2019-11-08 18:11:40,892  INFO [main] LogReport:40 - Starting Redirection validation
2019-11-08 18:11:40,910  INFO [main] LogReport:40 - Validation done
2019-11-08 18:11:41,439  INFO [main] LogReport:40 - Starting Redirection validation
2019-11-08 18:11:41,461  INFO [main] LogReport:40 - Validation done
2019-11-08 18:13:31,587  INFO [main] LogReport:40 - Starting Redirection validation
2019-11-08 18:13:31,612  INFO [main] LogReport:40 - Validation done
2019-11-08 18:13:32,399  INFO [main] LogReport:40 - Starting Redirection validation
2019-11-08 18:13:32,416  INFO [main] LogReport:40 - Validation done
2019-11-08 18:13:33,088  INFO [main] LogReport:40 - Starting Redirection validation
2019-11-08 18:13:33,131  INFO [main] LogReport:40 - Validation done
2019-11-08 18:13:33,745  INFO [main] LogReport:40 - Starting Redirection validation
2019-11-08 18:13:33,763  INFO [main] LogReport:40 - Validation done
2019-11-08 18:16:46,112  INFO [main] LogReport:40 - Starting Redirection validation
2019-11-08 18:16:46,153  INFO [main] LogReport:40 - Validation done
2019-11-08 18:16:46,850  INFO [main] LogReport:40 - Starting Redirection validation
2019-11-08 18:16:46,870  INFO [main] LogReport:40 - Validation done
2019-11-08 18:16:47,485  INFO [main] LogReport:40 - Starting Redirection validation
2019-11-08 18:16:47,503  INFO [main] LogReport:40 - Validation done
2019-11-08 18:16:48,079  INFO [main] LogReport:40 - Starting Redirection validation
2019-11-08 18:16:48,098  INFO [main] LogReport:40 - Validation done
2019-11-08 18:16:48,665  INFO [main] LogReport:40 - Starting Redirection validation
2019-11-08 18:16:48,685  INFO [main] LogReport:40 - Validation done
2019-11-08 18:18:40,274  INFO [main] LogReport:40 - Starting Redirection validation
2019-11-08 18:18:40,310  INFO [main] LogReport:40 - Validation done
2019-11-08 18:18:41,269  INFO [main] LogReport:40 - Starting Redirection validation
2019-11-08 18:18:41,286  INFO [main] LogReport:40 - Validation done
2019-11-08 18:18:42,290  INFO [main] LogReport:40 - Starting Redirection validation
2019-11-08 18:18:42,304  INFO [main] LogReport:40 - Validation done
2019-11-08 18:18:42,965  INFO [main] LogReport:40 - Starting Redirection validation
2019-11-08 18:18:42,982  INFO [main] LogReport:40 - Validation done
2019-11-08 18:18:43,568  INFO [main] LogReport:40 - Starting Redirection validation
2019-11-08 18:18:43,585  INFO [main] LogReport:40 - Validation done
2019-11-08 18:20:56,435  INFO [main] LogReport:40 - Starting Redirection validation
2019-11-08 18:20:56,465  INFO [main] LogReport:40 - Validation done
2019-11-08 18:20:57,432  INFO [main] LogReport:40 - Starting Redirection validation
2019-11-08 18:20:57,453  INFO [main] LogReport:40 - Validation done
2019-11-08 18:20:58,476  INFO [main] LogReport:40 - Starting Redirection validation
2019-11-08 18:20:58,493  INFO [main] LogReport:40 - Validation done
2019-11-08 18:20:59,205  INFO [main] LogReport:40 - Starting Redirection validation
2019-11-08 18:20:59,226  INFO [main] LogReport:40 - Validation done
2019-11-08 18:20:59,799  INFO [main] LogReport:40 - Starting Redirection validation
2019-11-08 18:20:59,821  INFO [main] LogReport:40 - Validation done
2019-11-08 18:21:04,466  INFO [main] LogReport:40 - clothing validation starting
2019-11-08 18:52:27,439  INFO [main] LogReport:40 - Starting Redirection validation
2019-11-08 18:52:27,468  INFO [main] LogReport:40 - Validation done
2019-11-08 18:52:28,430  INFO [main] LogReport:40 - Starting Redirection validation
2019-11-08 18:52:28,449  INFO [main] LogReport:40 - Validation done
2019-11-08 18:52:29,252  INFO [main] LogReport:40 - Starting Redirection validation
2019-11-08 18:52:29,272  INFO [main] LogReport:40 - Validation done
2019-11-08 18:52:30,143  INFO [main] LogReport:40 - Starting Redirection validation
2019-11-08 18:52:30,160  INFO [main] LogReport:40 - Validation done
2019-11-08 18:52:30,809  INFO [main] LogReport:40 - Starting Redirection validation
2019-11-08 18:52:30,829  INFO [main] LogReport:40 - Validation done
2019-11-08 18:52:30,837  INFO [main] LogReport:40 - Starting Redirection validation
2019-11-08 18:52:30,865  INFO [main] LogReport:40 - Starting Redirection validation
2019-11-08 18:52:33,786  INFO [main] LogReport:40 - selecting clothing gender
2019-11-08 18:52:33,790  INFO [main] LogReport:40 - validating viewmens page
2019-11-08 18:52:33,877  INFO [main] LogReport:40 - Redirected to viewmens page
2019-11-08 18:52:33,880  INFO [main] LogReport:40 - select shirt and color with size
2019-11-08 18:54:14,287  INFO [main] LogReport:40 - Starting Redirection validation
2019-11-08 18:54:14,312  INFO [main] LogReport:40 - Validation done
2019-11-08 18:54:15,117  INFO [main] LogReport:40 - Starting Redirection validation
2019-11-08 18:54:15,140  INFO [main] LogReport:40 - Validation done
2019-11-08 18:54:15,890  INFO [main] LogReport:40 - Starting Redirection validation
2019-11-08 18:54:15,914  INFO [main] LogReport:40 - Validation done
2019-11-08 18:54:16,665  INFO [main] LogReport:40 - Starting Redirection validation
2019-11-08 18:54:16,684  INFO [main] LogReport:40 - Validation done
2019-11-08 18:54:17,304  INFO [main] LogReport:40 - Starting Redirection validation
2019-11-08 18:54:17,331  INFO [main] LogReport:40 - Validation done
2019-11-08 18:54:17,340  INFO [main] LogReport:40 - Starting Redirection validation
2019-11-08 18:54:17,369  INFO [main] LogReport:40 - Starting Redirection validation
2019-11-08 18:54:20,315  INFO [main] LogReport:40 - selecting clothing gender
2019-11-08 18:54:20,319  INFO [main] LogReport:40 - validating viewmens page
2019-11-08 18:54:20,437  INFO [main] LogReport:40 - Redirected to viewmens page
2019-11-08 18:54:20,445  INFO [main] LogReport:40 - select shirt and color with size
2019-11-08 18:58:10,109  INFO [main] LogReport:40 - Starting Redirection validation
2019-11-08 18:58:10,136  INFO [main] LogReport:40 - Validation done
2019-11-08 18:58:10,918  INFO [main] LogReport:40 - Starting Redirection validation
2019-11-08 18:58:10,938  INFO [main] LogReport:40 - Validation done
2019-11-08 18:58:11,600  INFO [main] LogReport:40 - Starting Redirection validation
2019-11-08 18:58:11,620  INFO [main] LogReport:40 - Validation done
2019-11-08 18:58:12,202  INFO [main] LogReport:40 - Starting Redirection validation
2019-11-08 18:58:12,222  INFO [main] LogReport:40 - Validation done
2019-11-08 18:58:12,811  INFO [main] LogReport:40 - Starting Redirection validation
2019-11-08 18:58:12,831  INFO [main] LogReport:40 - Validation done
2019-11-08 18:58:12,838  INFO [main] LogReport:40 - Starting Redirection validation
2019-11-08 18:58:12,868  INFO [main] LogReport:40 - Starting Redirection validation
2019-11-08 18:58:15,779  INFO [main] LogReport:40 - selecting clothing gender
2019-11-08 18:58:15,783  INFO [main] LogReport:40 - validating viewmens page
2019-11-08 18:58:15,889  INFO [main] LogReport:40 - Redirected to viewmens page
2019-11-08 18:58:15,893  INFO [main] LogReport:40 - select shirt and color with size
2019-11-08 19:00:29,240  INFO [main] LogReport:40 - Starting Redirection validation
2019-11-08 19:00:29,266  INFO [main] LogReport:40 - Validation done
2019-11-08 19:00:30,229  INFO [main] LogReport:40 - Starting Redirection validation
2019-11-08 19:00:30,254  INFO [main] LogReport:40 - Validation done
2019-11-08 19:00:31,128  INFO [main] LogReport:40 - Starting Redirection validation
2019-11-08 19:00:31,144  INFO [main] LogReport:40 - Validation done
2019-11-08 19:00:32,000  INFO [main] LogReport:40 - Starting Redirection validation
2019-11-08 19:00:32,019  INFO [main] LogReport:40 - Validation done
2019-11-08 19:00:32,662  INFO [main] LogReport:40 - Starting Redirection validation
2019-11-08 19:00:32,679  INFO [main] LogReport:40 - Validation done
2019-11-08 19:00:32,688  INFO [main] LogReport:40 - Starting Redirection validation
2019-11-08 19:00:32,713  INFO [main] LogReport:40 - Starting Redirection validation
2019-11-08 19:00:35,507  INFO [main] LogReport:40 - selecting clothing gender
2019-11-08 19:00:35,511  INFO [main] LogReport:40 - validating viewmens page
2019-11-08 19:00:35,589  INFO [main] LogReport:40 - Redirected to viewmens page
2019-11-08 19:00:35,592  INFO [main] LogReport:40 - select shirt and color with size
2019-11-08 19:05:39,535  INFO [main] LogReport:40 - Starting Redirection validation
2019-11-08 19:05:39,562  INFO [main] LogReport:40 - Validation done
2019-11-08 19:05:40,268  INFO [main] LogReport:40 - Starting Redirection validation
2019-11-08 19:05:40,287  INFO [main] LogReport:40 - Validation done
2019-11-08 19:05:40,821  INFO [main] LogReport:40 - Starting Redirection validation
2019-11-08 19:05:40,837  INFO [main] LogReport:40 - Validation done
2019-11-08 19:05:41,379  INFO [main] LogReport:40 - Starting Redirection validation
2019-11-08 19:05:41,394  INFO [main] LogReport:40 - Validation done
2019-11-08 19:05:41,857  INFO [main] LogReport:40 - Starting Redirection validation
2019-11-08 19:05:41,877  INFO [main] LogReport:40 - Validation done
2019-11-08 19:05:41,885  INFO [main] LogReport:40 - Starting Redirection validation
2019-11-08 19:05:41,911  INFO [main] LogReport:40 - Starting Redirection validation
2019-11-08 19:05:44,662  INFO [main] LogReport:40 - selecting clothing gender
2019-11-08 19:05:44,666  INFO [main] LogReport:40 - validating viewmens page
2019-11-08 19:05:44,748  INFO [main] LogReport:40 - Redirected to viewmens page
2019-11-08 19:05:44,752  INFO [main] LogReport:40 - select shirt and color with size
2019-11-08 19:08:08,593  INFO [main] LogReport:40 - Starting Redirection validation
2019-11-08 19:08:08,622  INFO [main] LogReport:40 - Validation done
2019-11-08 19:08:09,417  INFO [main] LogReport:40 - Starting Redirection validation
2019-11-08 19:08:09,442  INFO [main] LogReport:40 - Validation done
2019-11-08 19:08:10,043  INFO [main] LogReport:40 - Starting Redirection validation
2019-11-08 19:08:10,063  INFO [main] LogReport:40 - Validation done
2019-11-08 19:08:10,736  INFO [main] LogReport:40 - Starting Redirection validation
2019-11-08 19:08:10,757  INFO [main] LogReport:40 - Validation done
2019-11-08 19:08:11,450  INFO [main] LogReport:40 - Starting Redirection validation
2019-11-08 19:08:11,474  INFO [main] LogReport:40 - Validation done
2019-11-08 19:08:11,482  INFO [main] LogReport:40 - Starting Redirection validation
2019-11-08 19:08:11,513  INFO [main] LogReport:40 - Starting Redirection validation
2019-11-08 19:08:14,533  INFO [main] LogReport:40 - selecting clothing gender
2019-11-08 19:08:14,537  INFO [main] LogReport:40 - validating viewmens page
2019-11-08 19:08:14,612  INFO [main] LogReport:40 - Redirected to viewmens page
2019-11-08 19:08:14,616  INFO [main] LogReport:40 - select shirt and color with size
2019-11-08 19:10:28,620  INFO [main] LogReport:40 - Starting Redirection validation
2019-11-08 19:10:28,645  INFO [main] LogReport:40 - Validation done
2019-11-08 19:10:29,558  INFO [main] LogReport:40 - Starting Redirection validation
2019-11-08 19:10:29,582  INFO [main] LogReport:40 - Validation done
2019-11-08 19:10:30,289  INFO [main] LogReport:40 - Starting Redirection validation
2019-11-08 19:10:30,308  INFO [main] LogReport:40 - Validation done
2019-11-08 19:10:30,970  INFO [main] LogReport:40 - Starting Redirection validation
2019-11-08 19:10:30,990  INFO [main] LogReport:40 - Validation done
2019-11-08 19:10:31,698  INFO [main] LogReport:40 - Starting Redirection validation
2019-11-08 19:10:31,719  INFO [main] LogReport:40 - Validation done
2019-11-08 19:10:31,727  INFO [main] LogReport:40 - Starting Redirection validation
2019-11-08 19:10:31,755  INFO [main] LogReport:40 - Starting Redirection validation
2019-11-08 19:10:34,585  INFO [main] LogReport:40 - selecting clothing gender
2019-11-08 19:10:34,591  INFO [main] LogReport:40 - validating viewmens page
2019-11-08 19:10:34,663  INFO [main] LogReport:40 - Redirected to viewmens page
2019-11-08 19:10:34,666  INFO [main] LogReport:40 - select shirt and color with size
2019-11-08 19:10:52,001  INFO [main] LogReport:40 - selected the corresponding size and color
2019-11-08 19:10:52,001  INFO [main] LogReport:40 - clothing validation starting
2019-11-08 19:13:25,647  INFO [main] LogReport:40 - Starting Redirection validation
2019-11-08 19:13:25,671  INFO [main] LogReport:40 - Validation done
2019-11-08 19:13:26,569  INFO [main] LogReport:40 - Starting Redirection validation
2019-11-08 19:13:26,588  INFO [main] LogReport:40 - Validation done
2019-11-08 19:13:27,365  INFO [main] LogReport:40 - Starting Redirection validation
2019-11-08 19:13:27,381  INFO [main] LogReport:40 - Validation done
2019-11-08 19:13:28,095  INFO [main] LogReport:40 - Starting Redirection validation
2019-11-08 19:13:28,111  INFO [main] LogReport:40 - Validation done
2019-11-08 19:13:28,821  INFO [main] LogReport:40 - Starting Redirection validation
2019-11-08 19:13:28,837  INFO [main] LogReport:40 - Validation done
2019-11-08 19:13:28,845  INFO [main] LogReport:40 - Starting Redirection validation
2019-11-08 19:13:28,872  INFO [main] LogReport:40 - Starting Redirection validation
2019-11-08 19:13:31,861  INFO [main] LogReport:40 - selecting clothing gender
2019-11-08 19:13:31,866  INFO [main] LogReport:40 - validating viewmens page
2019-11-08 19:13:31,936  INFO [main] LogReport:40 - Redirected to viewmens page
2019-11-08 19:13:31,939  INFO [main] LogReport:40 - select shirt and color with size
2019-11-08 19:13:49,369  INFO [main] LogReport:40 - selected the corresponding size and color
2019-11-08 19:13:49,369  INFO [main] LogReport:40 - clothing validation starting
2019-11-08 19:33:31,096  INFO [main] LogReport:40 - Starting Redirection validation
2019-11-08 19:33:31,122  INFO [main] LogReport:40 - Validation done
2019-11-08 19:33:32,144  INFO [main] LogReport:40 - Starting Redirection validation
2019-11-08 19:33:32,165  INFO [main] LogReport:40 - Validation done
2019-11-08 19:33:32,909  INFO [main] LogReport:40 - Starting Redirection validation
2019-11-08 19:33:32,929  INFO [main] LogReport:40 - Validation done
2019-11-08 19:33:33,548  INFO [main] LogReport:40 - Starting Redirection validation
2019-11-08 19:33:33,567  INFO [main] LogReport:40 - Validation done
2019-11-08 19:33:34,123  INFO [main] LogReport:40 - Starting Redirection validation
2019-11-08 19:33:34,143  INFO [main] LogReport:40 - Validation done
2019-11-08 19:33:34,152  INFO [main] LogReport:40 - Starting Redirection validation
2019-11-08 19:33:34,181  INFO [main] LogReport:40 - Starting Redirection validation
2019-11-08 19:33:37,027  INFO [main] LogReport:40 - selecting clothing gender
2019-11-08 19:33:37,031  INFO [main] LogReport:40 - validating viewmens page
2019-11-08 19:33:37,131  INFO [main] LogReport:40 - Redirected to viewmens page
2019-11-08 19:33:37,139  INFO [main] LogReport:40 - select shirt and color with size
2019-11-08 19:33:54,586  INFO [main] LogReport:40 - selected the corresponding size and color
2019-11-08 19:33:54,587  INFO [main] LogReport:40 - clothing validation starting
2019-11-08 19:48:54,070  INFO [main] LogReport:40 - Starting Redirection validation
2019-11-08 19:48:54,098  INFO [main] LogReport:40 - Validation done
2019-11-08 19:48:54,913  INFO [main] LogReport:40 - Starting Redirection validation
2019-11-08 19:48:54,938  INFO [main] LogReport:40 - Validation done
2019-11-08 19:48:55,701  INFO [main] LogReport:40 - Starting Redirection validation
2019-11-08 19:48:55,723  INFO [main] LogReport:40 - Validation done
2019-11-08 19:48:56,394  INFO [main] LogReport:40 - Starting Redirection validation
2019-11-08 19:48:56,416  INFO [main] LogReport:40 - Validation done
2019-11-08 19:48:57,147  INFO [main] LogReport:40 - Starting Redirection validation
2019-11-08 19:48:57,178  INFO [main] LogReport:40 - Validation done
2019-11-08 19:48:57,188  INFO [main] LogReport:40 - Starting Redirection validation
2019-11-08 19:48:57,217  INFO [main] LogReport:40 - Starting Redirection validation
2019-11-08 19:49:00,204  INFO [main] LogReport:40 - selecting clothing gender
2019-11-08 19:49:00,209  INFO [main] LogReport:40 - validating viewmens page
2019-11-08 19:49:00,287  INFO [main] LogReport:40 - Redirected to viewmens page
2019-11-08 19:49:00,295  INFO [main] LogReport:40 - select shirt and color with size
2019-11-08 19:49:17,757  INFO [main] LogReport:40 - selected the corresponding size and color
2019-11-08 19:49:17,757  INFO [main] LogReport:40 - clothing validation starting
2019-11-08 19:49:18,802  INFO [main] LogReport:40 - validating updatewd grand total
2019-11-08 19:51:32,459  INFO [main] LogReport:40 - Starting Redirection validation
2019-11-08 19:51:32,483  INFO [main] LogReport:40 - Validation done
2019-11-08 19:51:33,326  INFO [main] LogReport:40 - Starting Redirection validation
2019-11-08 19:51:33,348  INFO [main] LogReport:40 - Validation done
2019-11-08 19:51:33,893  INFO [main] LogReport:40 - Starting Redirection validation
2019-11-08 19:51:33,910  INFO [main] LogReport:40 - Validation done
2019-11-08 19:51:34,510  INFO [main] LogReport:40 - Starting Redirection validation
2019-11-08 19:51:34,529  INFO [main] LogReport:40 - Validation done
2019-11-08 19:51:35,093  INFO [main] LogReport:40 - Starting Redirection validation
2019-11-08 19:51:35,111  INFO [main] LogReport:40 - Validation done
2019-11-08 19:51:35,122  INFO [main] LogReport:40 - Starting Redirection validation
2019-11-08 19:51:35,122  INFO [main] LogReport:40 - Validation done
2019-11-08 19:51:35,132  INFO [main] LogReport:40 - Starting Redirection validation
2019-11-08 19:51:35,132  INFO [main] LogReport:40 - Validation done
2019-11-08 19:51:38,028  INFO [main] LogReport:40 - selecting clothing gender
2019-11-08 19:51:38,035  INFO [main] LogReport:40 - validating viewmens page
2019-11-08 19:51:38,118  INFO [main] LogReport:40 - Redirected to viewmens page
2019-11-08 19:51:38,121  INFO [main] LogReport:40 - select shirt and color with size
2019-11-08 19:51:55,508  INFO [main] LogReport:40 - selected the corresponding size and color
2019-11-08 19:51:55,509  INFO [main] LogReport:40 - clothing validation starting
2019-11-08 19:51:56,525  INFO [main] LogReport:40 - validating updatewd grand total
2019-11-08 19:54:46,364  INFO [main] LogReport:40 - Starting Redirection validation
2019-11-08 19:54:46,394  INFO [main] LogReport:40 - Validation done
2019-11-08 19:54:47,251  INFO [main] LogReport:40 - Starting Redirection validation
2019-11-08 19:54:47,270  INFO [main] LogReport:40 - Validation done
2019-11-08 19:54:47,851  INFO [main] LogReport:40 - Starting Redirection validation
2019-11-08 19:54:47,873  INFO [main] LogReport:40 - Validation done
2019-11-08 19:54:48,567  INFO [main] LogReport:40 - Starting Redirection validation
2019-11-08 19:54:48,589  INFO [main] LogReport:40 - Validation done
2019-11-08 19:54:49,231  INFO [main] LogReport:40 - Starting Redirection validation
2019-11-08 19:54:49,253  INFO [main] LogReport:40 - Validation done
2019-11-08 19:54:49,261  INFO [main] LogReport:40 - Starting Redirection validation
2019-11-08 19:54:49,262  INFO [main] LogReport:40 - Validation done
2019-11-08 19:54:49,271  INFO [main] LogReport:40 - Starting Redirection validation
2019-11-08 19:54:49,271  INFO [main] LogReport:40 - Validation done
2019-11-08 19:54:52,064  INFO [main] LogReport:40 - selecting clothing gender
2019-11-08 19:54:52,068  INFO [main] LogReport:40 - validating viewmens page
2019-11-08 19:54:52,173  INFO [main] LogReport:40 - Redirected to viewmens page
2019-11-08 19:54:52,177  INFO [main] LogReport:40 - select shirt and color with size
2019-11-08 19:55:09,763  INFO [main] LogReport:40 - selected the corresponding size and color
2019-11-08 19:55:09,763  INFO [main] LogReport:40 - clothing validation starting
2019-11-08 19:55:10,720  INFO [main] LogReport:40 - validating updatewd grand total
2019-11-08 20:03:42,237  INFO [main] LogReport:40 - Starting Redirection validation
2019-11-08 20:03:42,276  INFO [main] LogReport:40 - Validation done
2019-11-08 20:03:44,083  INFO [main] LogReport:40 - Starting Redirection validation
2019-11-08 20:03:44,108  INFO [main] LogReport:40 - Validation done
2019-11-08 20:03:45,593  INFO [main] LogReport:40 - Starting Redirection validation
2019-11-08 20:03:45,615  INFO [main] LogReport:40 - Validation done
2019-11-08 20:03:47,001  INFO [main] LogReport:40 - Starting Redirection validation
2019-11-08 20:03:47,024  INFO [main] LogReport:40 - Validation done
2019-11-08 20:03:48,351  INFO [main] LogReport:40 - Starting Redirection validation
2019-11-08 20:03:48,374  INFO [main] LogReport:40 - Validation done
2019-11-08 20:03:48,382  INFO [main] LogReport:40 - Starting Redirection validation
2019-11-08 20:03:48,383  INFO [main] LogReport:40 - Validation done
2019-11-08 20:03:48,393  INFO [main] LogReport:40 - Starting Redirection validation
2019-11-08 20:03:48,394  INFO [main] LogReport:40 - Validation done
2019-11-08 20:03:52,316  INFO [main] LogReport:40 - selecting clothing gender
2019-11-08 20:03:52,320  INFO [main] LogReport:40 - validating viewmens page
2019-11-08 20:03:52,611  INFO [main] LogReport:40 - Redirected to viewmens page
2019-11-08 20:03:52,614  INFO [main] LogReport:40 - select shirt and color with size
2019-11-08 20:04:07,049  INFO [main] LogReport:40 - validating cart details
2019-11-08 20:04:14,432  INFO [main] LogReport:40 - validating cart details
2019-11-08 20:04:14,433  INFO [main] LogReport:40 -  cart details are correct
2019-11-08 20:04:14,438  INFO [main] LogReport:40 - validating updatewd grand total
2019-11-08 20:07:15,458  INFO [main] LogReport:40 - validating viewmens page
2019-11-08 20:07:21,789  INFO [main] LogReport:40 - select shirt and color with size
2019-11-08 20:07:21,903  INFO [main] LogReport:40 - validating cart details
2019-11-08 20:07:29,016  INFO [main] LogReport:40 - validating cart details
2019-11-08 20:07:29,017  INFO [main] LogReport:40 -  cart details are correct
2019-11-08 20:07:29,023  INFO [main] LogReport:40 - validating updatewd grand total
2019-11-08 20:08:04,669  INFO [main] LogReport:40 - validating viewmens page
2019-11-08 20:08:10,736  INFO [main] LogReport:40 - select shirt and color with size
2019-11-08 20:08:10,880  INFO [main] LogReport:40 - validating cart details
2019-11-08 20:08:18,516  INFO [main] LogReport:40 - validating cart details
2019-11-08 20:08:18,518  INFO [main] LogReport:40 -  cart details are correct
2019-11-08 20:08:18,523  INFO [main] LogReport:40 - validating updatewd grand total
2019-11-08 20:11:11,202  INFO [main] LogReport:40 - Starting Redirection validation
2019-11-08 20:11:11,235  INFO [main] LogReport:40 - Validation done
2019-11-08 20:11:12,993  INFO [main] LogReport:40 - Starting Redirection validation
2019-11-08 20:11:13,029  INFO [main] LogReport:40 - Validation done
2019-11-08 20:11:14,798  INFO [main] LogReport:40 - Starting Redirection validation
2019-11-08 20:11:14,822  INFO [main] LogReport:40 - Validation done
2019-11-08 20:11:16,767  INFO [main] LogReport:40 - Starting Redirection validation
2019-11-08 20:11:16,790  INFO [main] LogReport:40 - Validation done
2019-11-08 20:11:18,493  INFO [main] LogReport:40 - Starting Redirection validation
2019-11-08 20:11:18,517  INFO [main] LogReport:40 - Validation done
2019-11-08 20:11:18,527  INFO [main] LogReport:40 - Starting Redirection validation
2019-11-08 20:11:18,528  INFO [main] LogReport:40 - Validation done
2019-11-08 20:11:18,538  INFO [main] LogReport:40 - Starting Redirection validation
2019-11-08 20:11:18,538  INFO [main] LogReport:40 - Validation done
2019-11-08 20:11:22,823  INFO [main] LogReport:40 - selecting clothing gender
2019-11-08 20:11:22,826  INFO [main] LogReport:40 - validating viewmens page
2019-11-08 20:11:23,159  INFO [main] LogReport:40 - Redirected to viewmens page
2019-11-08 20:11:23,163  INFO [main] LogReport:40 - select shirt and color with size
2019-11-08 20:11:36,629  INFO [main] LogReport:40 - validating cart details
2019-11-08 20:11:43,908  INFO [main] LogReport:40 - validating cart details
2019-11-08 20:11:43,908  INFO [main] LogReport:40 -  cart details are correct
2019-11-08 20:11:43,911  INFO [main] LogReport:40 - validating updatewd grand total
2019-11-08 20:21:11,489  INFO [main] LogReport:40 - Starting Redirection validation
2019-11-08 20:21:11,524  INFO [main] LogReport:40 - Redirection is on the correct page
2019-11-08 20:21:11,524  INFO [main] LogReport:40 - Starting the homepage testing
2019-11-08 20:21:15,793  INFO [main] LogReport:40 - product name is correct
2019-11-08 20:21:25,768  INFO [main] LogReport:40 - product name is correct
2019-11-08 20:22:32,894  INFO [main] LogReport:40 - Starting Redirection validation
2019-11-08 20:22:32,926  INFO [main] LogReport:40 - Redirection is on the correct page
2019-11-08 20:22:32,927  INFO [main] LogReport:40 - Starting the homepage testing
2019-11-08 20:22:36,790  INFO [main] LogReport:40 - product name is correct
2019-11-08 20:22:52,475  INFO [main] LogReport:40 - product name is correct
2019-11-08 20:24:16,491  INFO [main] LogReport:40 - Starting Redirection validation
2019-11-08 20:24:16,526  INFO [main] LogReport:40 - Redirection is on the correct page
2019-11-08 20:24:16,526  INFO [main] LogReport:40 - Starting the homepage testing
2019-11-08 20:24:20,597  INFO [main] LogReport:40 - product name is correct
2019-11-08 20:24:30,486  INFO [main] LogReport:40 - product name is correct
